[1107/110704.488:ERROR:directory_reader_win.cc(43)] FindFirstFile: The system cannot find the path specified. (0x3)
[1112/190637.279:ERROR:directory_reader_win.cc(43)] FindFirstFile: The system cannot find the path specified. (0x3)
[1112/195758.270:ERROR:directory_reader_win.cc(43)] FindFirstFile: The system cannot find the path specified. (0x3)

[1124/191201.980:ERROR:directory_reader_win.cc(43)] FindFirstFile: The system cannot find the path specified. (0x3)
[1124/230042.741:ERROR:process_reader_win.cc(151)] SuspendThread: Access is denied. (0x5)
[1124/230042.741:ERROR:process_reader_win.cc(151)] SuspendThread: Access is denied. (0x5)
[1124/230042.741:ERROR:process_reader_win.cc(151)] SuspendThread: Access is denied. (0x5)
[1124/230042.746:ERROR:process_reader_win.cc(151)] SuspendThread: Access is denied. (0x5)
[1124/230042.746:ERROR:process_reader_win.cc(151)] SuspendThread: Access is denied. (0x5)
[1124/230042.746:ERROR:process_reader_win.cc(151)] SuspendThread: Access is denied. (0x5)
[1124/230042.746:ERROR:process_reader_win.cc(151)] SuspendThread: Access is denied. (0x5)
[1124/230042.746:ERROR:process_reader_win.cc(151)] SuspendThread: Access is denied. (0x5)
[1124/230042.746:ERROR:process_reader_win.cc(151)] SuspendThread: Access is denied. (0x5)
[1124/230042.742:ERROR:process_reader_win.cc(151)] SuspendThread: Access is denied. (0x5)
[1124/230042.747:ERROR:process_reader_win.cc(151)] SuspendThread: Access is denied. (0x5)
[1124/230042.747:ERROR:process_reader_win.cc(151)] SuspendThread: Access is denied. (0x5)
[1124/230042.747:ERROR:process_reader_win.cc(151)] SuspendThread: Access is denied. (0x5)
[1124/230042.747:ERROR:process_reader_win.cc(151)] SuspendThread: Access is denied. (0x5)
[1124/230042.747:ERROR:process_reader_win.cc(151)] SuspendThread: Access is denied. (0x5)
[1124/230042.748:ERROR:process_reader_win.cc(151)] SuspendThread: Access is denied. (0x5)
[1124/230042.748:ERROR:process_reader_win.cc(151)] SuspendThread: Access is denied. (0x5)
[1124/230042.748:ERROR:process_reader_win.cc(151)] SuspendThread: Access is denied. (0x5)
[1124/230042.748:ERROR:process_reader_win.cc(151)] SuspendThread: Access is denied. (0x5)
[1124/230042.748:ERROR:process_reader_win.cc(151)] SuspendThread: Access is denied. (0x5)
[1124/230042.748:ERROR:process_reader_win.cc(151)] SuspendThread: Access is denied. (0x5)
[1124/230042.748:ERROR:process_reader_win.cc(151)] SuspendThread: Access is denied. (0x5)
[1124/230042.748:ERROR:process_reader_win.cc(151)] SuspendThread: Access is denied. (0x5)
[1124/230042.748:ERROR:process_reader_win.cc(151)] SuspendThread: Access is denied. (0x5)
[1124/230042.748:ERROR:process_reader_win.cc(151)] SuspendThread: Access is denied. (0x5)
[1124/230042.748:ERROR:process_reader_win.cc(151)] SuspendThread: Access is denied. (0x5)
[1124/230042.748:ERROR:process_reader_win.cc(151)] SuspendThread: Access is denied. (0x5)
[1124/230042.748:ERROR:process_reader_win.cc(151)] SuspendThread: Access is denied. (0x5)
[1124/230042.748:ERROR:process_reader_win.cc(151)] SuspendThread: Access is denied. (0x5)
[1124/230042.748:ERROR:process_reader_win.cc(151)] SuspendThread: Access is denied. (0x5)
[1124/230042.748:ERROR:process_reader_win.cc(151)] SuspendThread: Access is denied. (0x5)
[1124/230042.748:ERROR:process_reader_win.cc(151)] SuspendThread: Access is denied. (0x5)
[1124/230042.748:ERROR:process_reader_win.cc(151)] SuspendThread: Access is denied. (0x5)
[1124/230042.748:ERROR:process_reader_win.cc(151)] SuspendThread: Access is denied. (0x5)
[1124/230042.748:ERROR:process_reader_win.cc(151)] SuspendThread: Access is denied. (0x5)
[1124/230042.748:ERROR:process_reader_win.cc(151)] SuspendThread: Access is denied. (0x5)
[1124/230042.748:ERROR:process_reader_win.cc(151)] SuspendThread: Access is denied. (0x5)
[1124/230042.748:ERROR:process_reader_win.cc(151)] SuspendThread: Access is denied. (0x5)
[1124/230042.748:ERROR:process_reader_win.cc(151)] SuspendThread: Access is denied. (0x5)
[1124/230042.747:ERROR:process_reader_win.cc(151)] SuspendThread: Access is denied. (0x5)
[1124/230042.750:ERROR:process_reader_win.cc(151)] SuspendThread: Access is denied. (0x5)
[1124/230042.750:ERROR:process_reader_win.cc(151)] SuspendThread: Access is denied. (0x5)
[1124/230042.750:ERROR:process_reader_win.cc(151)] SuspendThread: Access is denied. (0x5)
[1124/230042.750:ERROR:process_reader_win.cc(151)] SuspendThread: Access is denied. (0x5)
[1124/230042.750:ERROR:process_reader_win.cc(151)] SuspendThread: Access is denied. (0x5)
[1124/230042.750:ERROR:process_reader_win.cc(151)] SuspendThread: Access is denied. (0x5)
[1124/230042.750:ERROR:process_reader_win.cc(151)] SuspendThread: Access is denied. (0x5)
[1124/230042.750:ERROR:process_reader_win.cc(151)] SuspendThread: Access is denied. (0x5)
[1124/230042.752:ERROR:process_reader_win.cc(151)] SuspendThread: Access is denied. (0x5)
[1124/230042.752:ERROR:process_reader_win.cc(151)] SuspendThread: Access is denied. (0x5)
[1124/230042.752:ERROR:process_reader_win.cc(151)] SuspendThread: Access is denied. (0x5)
[1124/230042.742:ERROR:process_reader_win.cc(151)] SuspendThread: Access is denied. (0x5)
[1124/230042.755:ERROR:process_reader_win.cc(151)] SuspendThread: Access is denied. (0x5)
[1124/230042.755:ERROR:process_reader_win.cc(151)] SuspendThread: Access is denied. (0x5)
[1124/230042.755:ERROR:process_reader_win.cc(151)] SuspendThread: Access is denied. (0x5)
[1124/230042.755:ERROR:process_reader_win.cc(151)] SuspendThread: Access is denied. (0x5)
[1124/230042.755:ERROR:process_reader_win.cc(151)] SuspendThread: Access is denied. (0x5)
[1124/230042.755:ERROR:process_reader_win.cc(151)] SuspendThread: Access is denied. (0x5)
[1124/230042.755:ERROR:process_reader_win.cc(151)] SuspendThread: Access is denied. (0x5)
[1124/230042.755:ERROR:process_reader_win.cc(151)] SuspendThread: Access is denied. (0x5)
[1124/230042.755:ERROR:process_reader_win.cc(151)] SuspendThread: Access is denied. (0x5)
[1124/230042.755:ERROR:process_reader_win.cc(151)] SuspendThread: Access is denied. (0x5)
[1124/230042.755:ERROR:process_reader_win.cc(151)] SuspendThread: Access is denied. (0x5)
[1124/230042.755:ERROR:process_reader_win.cc(151)] SuspendThread: Access is denied. (0x5)
[1124/230042.755:ERROR:process_reader_win.cc(151)] SuspendThread: Access is denied. (0x5)
[1124/230042.755:ERROR:process_reader_win.cc(151)] SuspendThread: Access is denied. (0x5)
[1124/230042.755:ERROR:process_reader_win.cc(151)] SuspendThread: Access is denied. (0x5)
[1124/230042.755:ERROR:process_reader_win.cc(151)] SuspendThread: Access is denied. (0x5)
[1124/230042.755:ERROR:process_reader_win.cc(151)] SuspendThread: Access is denied. (0x5)
[1124/230042.755:ERROR:process_reader_win.cc(151)] SuspendThread: Access is denied. (0x5)
[1124/230042.755:ERROR:process_reader_win.cc(151)] SuspendThread: Access is denied. (0x5)
[1124/230042.756:ERROR:process_reader_win.cc(151)] SuspendThread: Access is denied. (0x5)
[1124/230042.756:ERROR:process_reader_win.cc(151)] SuspendThread: Access is denied. (0x5)
[1124/230042.748:ERROR:process_reader_win.cc(123)] NtOpenThread: {Access Denied} A process has requested access to an object, but has not been granted those access rights. (0xc0000022)
[1124/230047.536:ERROR:exception_snapshot_win.cc(99)] thread ID 14220 not found in process
[1124/230042.748:ERROR:process_reader_win.cc(123)] NtOpenThread: {Access Denied} A process has requested access to an object, but has not been granted those access rights. (0xc0000022)
[1124/230047.536:ERROR:exception_snapshot_win.cc(99)] thread ID 8972 not found in process
[1124/230042.755:ERROR:process_reader_win.cc(123)] NtOpenThread: An invalid Client ID was specified. (0xc000000b)
[1124/230042.752:ERROR:process_reader_win.cc(123)] NtOpenThread: {Access Denied} A process has requested access to an object, but has not been granted those access rights. (0xc0000022)
[1124/230047.536:ERROR:process_reader_win.cc(151)] SuspendThread: Access is denied. (0x5)
[1124/230042.756:ERROR:process_reader_win.cc(123)] NtOpenThread: {Access Denied} A process has requested access to an object, but has not been granted those access rights. (0xc0000022)
[1124/230047.536:ERROR:exception_snapshot_win.cc(99)] thread ID 7020 not found in process
[1124/230042.776:ERROR:process_reader_win.cc(123)] NtOpenThread: {Access Denied} A process has requested access to an object, but has not been granted those access rights. (0xc0000022)
[1124/230047.536:ERROR:exception_snapshot_win.cc(99)] thread ID 10736 not found in process
[1124/230047.537:ERROR:exception_snapshot_win.cc(99)] thread ID 11764 not found in process
[1124/230042.764:ERROR:process_reader_win.cc(123)] NtOpenThread: {Access Denied} A process has requested access to an object, but has not been granted those access rights. (0xc0000022)
[1124/230042.770:ERROR:process_reader_win.cc(123)] NtOpenThread: {Access Denied} A process has requested access to an object, but has not been granted those access rights. (0xc0000022)
[1124/230042.789:ERROR:process_reader_win.cc(123)] NtOpenThread: {Access Denied} A process has requested access to an object, but has not been granted those access rights. (0xc0000022)
[1124/230047.537:ERROR:exception_snapshot_win.cc(99)] thread ID 10472 not found in process
[1124/230047.536:ERROR:process_reader_win.cc(151)] SuspendThread: Access is denied. (0x5)
[1124/230047.537:ERROR:exception_snapshot_win.cc(99)] thread ID 8368 not found in process
[1124/230042.782:ERROR:process_reader_win.cc(123)] NtOpenThread: {Access Denied} A process has requested access to an object, but has not been granted those access rights. (0xc0000022)
[1124/230047.537:ERROR:exception_snapshot_win.cc(99)] thread ID 4768 not found in process
[1124/230042.813:ERROR:process_reader_win.cc(123)] NtOpenThread: {Access Denied} A process has requested access to an object, but has not been granted those access rights. (0xc0000022)
[1124/230047.537:ERROR:process_reader_win.cc(123)] NtOpenThread: {Access Denied} A process has requested access to an object, but has not been granted those access rights. (0xc0000022)
[1124/230047.537:ERROR:exception_snapshot_win.cc(99)] thread ID 6684 not found in process
[1124/230047.537:ERROR:exception_snapshot_win.cc(99)] thread ID 7856 not found in process
[1124/230047.537:ERROR:exception_snapshot_win.cc(99)] thread ID 8084 not found in process
[1124/230042.816:ERROR:process_reader_win.cc(123)] NtOpenThread: {Access Denied} A process has requested access to an object, but has not been granted those access rights. (0xc0000022)
[1124/230042.822:ERROR:process_reader_win.cc(123)] NtOpenThread: {Access Denied} A process has requested access to an object, but has not been granted those access rights. (0xc0000022)
[1124/230047.537:ERROR:exception_snapshot_win.cc(99)] thread ID 10932 not found in process
[1124/230042.820:ERROR:process_reader_win.cc(123)] NtOpenThread: {Access Denied} A process has requested access to an object, but has not been granted those access rights. (0xc0000022)
[1124/230047.537:ERROR:exception_snapshot_win.cc(99)] thread ID 11492 not found in process
[1124/230047.537:ERROR:exception_snapshot_win.cc(99)] thread ID 8508 not found in process
[1124/230042.828:ERROR:process_reader_win.cc(123)] NtOpenThread: {Access Denied} A process has requested access to an object, but has not been granted those access rights. (0xc0000022)
[1124/230047.538:ERROR:exception_snapshot_win.cc(99)] thread ID 10380 not found in process
[1124/230047.538:ERROR:scoped_process_suspend.cc(40)] NtResumeProcess: An attempt was made to access an exiting process. (0xc000010a)
[1124/230047.538:ERROR:scoped_process_suspend.cc(40)] NtResumeProcess: An attempt was made to access an exiting process. (0xc000010a)
[1224/120405.196:ERROR:directory_reader_win.cc(43)] FindFirstFile: The system cannot find the path specified. (0x3)
[0102/114451.296:ERROR:directory_reader_win.cc(43)] FindFirstFile: The system cannot find the path specified. (0x3)
